../src/DAS.cpp
../src/dasAppender.cpp
../src/dasAppender.h
../src/dasGameLogAppender.cpp
../src/dasGameLogAppender.h
../src/dasGlobals.h
../src/dasLocalAppender.h
../src/dasLocalAppenderFactory.h
../src/dasLogFileAppender.cpp
../src/dasLogFileAppender.h
../src/dasPostToServer.h
../src/dasFilter.h
../src/dasFilter.cpp
../src/dasInit.cpp
../src/DASPrivate.h
../src/fileUtils.cpp
../src/fileUtils.h
../src/json/json-forwards.h
../src/json/json.h
../src/jsoncpp.cpp
../src/stringUtils.cpp
../src/stringUtils.h
../src/taskExecutor.cpp
../src/taskExecutor.h
