../../shared/BLECozmoMessage.cpp
../../shared/BLECozmoMessage.h
../../shared/BLECozmoRandom.h
../../ios/BLECozmoConnection.h
../../ios/BLECozmoConnection.mm
../../ios/BLECozmoManager.h
../../ios/BLECozmoManager.mm
../../ios/BLECozmoRandom.m
../../ios/BLECozmoServiceDelegate.h
../../ios/Central/BLEAdvertisement.h
../../ios/Central/BLEAdvertisement.mm
../../ios/Central/BLECentralMultiplexer.h
../../ios/Central/BLECentralMultiplexer.mm
../../ios/Central/BLECentralServiceDescription.h
../../ios/Central/BLECentralServiceDescription.m
../../ios/Central/BLEPeripheralConnectionAttempt.h
../../ios/Central/BLEPeripheralConnectionAttempt.m
../../ios/Central/TestBLECentralMultiplexer.h
../../ios/Central/TestBLECentralMultiplexer.m
../../ios/Logging/BLELog.h
