../../source/3rd/lua/lapi.c
../../source/3rd/lua/lauxlib.c
../../source/3rd/lua/lbaselib.c
../../source/3rd/lua/lbitlib.c
../../source/3rd/lua/lcode.c
../../source/3rd/lua/lcorolib.c
../../source/3rd/lua/lctype.c
../../source/3rd/lua/ldblib.c
../../source/3rd/lua/ldebug.c
../../source/3rd/lua/ldo.c
../../source/3rd/lua/ldump.c
../../source/3rd/lua/lfunc.c
../../source/3rd/lua/lgc.c
../../source/3rd/lua/linit.c
../../source/3rd/lua/liolib.c
../../source/3rd/lua/llex.c
../../source/3rd/lua/lmathlib.c
../../source/3rd/lua/lmem.c
../../source/3rd/lua/loadlib.c
../../source/3rd/lua/lobject.c
../../source/3rd/lua/lopcodes.c
../../source/3rd/lua/loslib.c
../../source/3rd/lua/lparser.c
../../source/3rd/lua/lstate.c
../../source/3rd/lua/lstring.c
../../source/3rd/lua/lstrlib.c
../../source/3rd/lua/ltable.c
../../source/3rd/lua/ltablib.c
../../source/3rd/lua/ltm.c
../../source/3rd/lua/lundump.c
../../source/3rd/lua/lutf8lib.c
../../source/3rd/lua/lvm.c
../../source/3rd/lua/lzio.c