


ARM Macro Assembler    Page 1 


    1 00000000         ; Copyright (c) 2015, Nordic Semiconductor ASA
    2 00000000         ; All rights reserved.
    3 00000000         ; 
    4 00000000         ; Redistribution and use in source and binary forms, wit
                       h or without
    5 00000000         ; modification, are permitted provided that the followin
                       g conditions are met:
    6 00000000         ; 
    7 00000000         ; * Redistributions of source code must retain the above
                        copyright notice, this
    8 00000000         ;   list of conditions and the following disclaimer.
    9 00000000         ; 
   10 00000000         ; * Redistributions in binary form must reproduce the ab
                       ove copyright notice,
   11 00000000         ;   this list of conditions and the following disclaimer
                        in the documentation
   12 00000000         ;   and/or other materials provided with the distributio
                       n.
   13 00000000         ; 
   14 00000000         ; * Neither the name of Nordic Semiconductor ASA nor the
                        names of its
   15 00000000         ;   contributors may be used to endorse or promote produ
                       cts derived from
   16 00000000         ;   this software without specific prior written permiss
                       ion.
   17 00000000         ; 
   18 00000000         ; THIS SOFTWARE IS PROVIDED BY THE COPYRIGHT HOLDERS AND
                        CONTRIBUTORS "AS IS"
   19 00000000         ; AND ANY EXPRESS OR IMPLIED WARRANTIES, INCLUDING, BUT 
                       NOT LIMITED TO, THE
   20 00000000         ; IMPLIED WARRANTIES OF MERCHANTABILITY AND FITNESS FOR 
                       A PARTICULAR PURPOSE ARE
   21 00000000         ; DISCLAIMED. IN NO EVENT SHALL THE COPYRIGHT HOLDER OR 
                       CONTRIBUTORS BE LIABLE
   22 00000000         ; FOR ANY DIRECT, INDIRECT, INCIDENTAL, SPECIAL, EXEMPLA
                       RY, OR CONSEQUENTIAL
   23 00000000         ; DAMAGES (INCLUDING, BUT NOT LIMITED TO, PROCUREMENT OF
                        SUBSTITUTE GOODS OR
   24 00000000         ; SERVICES; LOSS OF USE, DATA, OR PROFITS; OR BUSINESS I
                       NTERRUPTION) HOWEVER
   25 00000000         ; CAUSED AND ON ANY THEORY OF LIABILITY, WHETHER IN CONT
                       RACT, STRICT LIABILITY,
   26 00000000         ; OR TORT (INCLUDING NEGLIGENCE OR OTHERWISE) ARISING IN
                        ANY WAY OUT OF THE USE
   27 00000000         ; OF THIS SOFTWARE, EVEN IF ADVISED OF THE POSSIBILITY O
                       F SUCH DAMAGE.
   28 00000000         
   29 00000000         ; NOTE: Template files (including this one) are applicat
                       ion specific and therefore 
   30 00000000         ; expected to be copied into the application project fol
                       der prior to its use!
   31 00000000         
   32 00000000         ; Description message
   33 00000000         
   34 00000000                 IF               :DEF: __STACK_SIZE
   37 00000000 00000800 
                       Stack_Size
                               EQU              2048
   38 00000000                 ENDIF



ARM Macro Assembler    Page 2 


   39 00000000         
   40 00000000                 AREA             STACK, NOINIT, READWRITE, ALIGN
=3
   41 00000000         Stack_Mem
                               SPACE            Stack_Size
   42 00000800         __initial_sp
   43 00000800         
   44 00000800                 IF               :DEF: __HEAP_SIZE
   47 00000800 00000800 
                       Heap_Size
                               EQU              2048
   48 00000800                 ENDIF
   49 00000800         
   50 00000800                 AREA             HEAP, NOINIT, READWRITE, ALIGN=
3
   51 00000000         __heap_base
   52 00000000         Heap_Mem
                               SPACE            Heap_Size
   53 00000800         __heap_limit
   54 00000800         
   55 00000800                 PRESERVE8
   56 00000800                 THUMB
   57 00000800         
   58 00000800         ; Magic signature
   59 00000800         
   60 00000800                 AREA             HEADER, DATA, READONLY
   61 00000000 43 5A 4D 
              30       __Signature
                               DCB              'C','Z','M','0'
   62 00000004 00000000        DCD              Reset_Handler
   63 00000008 00000000        DCD              __Vectors
   64 0000000C DEADFACE        DCD              0xDEADFACE
   65 00000010 DEADFACE        DCD              0xDEADFACE
   66 00000014 DEADFACE        DCD              0xDEADFACE
   67 00000018 DEADFACE        DCD              0xDEADFACE
   68 0000001C DEADFACE        DCD              0xDEADFACE
   69 00000020 DEADFACE        DCD              0xDEADFACE
   70 00000024 DEADFACE        DCD              0xDEADFACE
   71 00000028         
   72 00000028         ; Vector Table Mapped to Address 0x1080 at Reset
   73 00000028         
   74 00000028                 EXPORT           __Vectors
   75 00000028                 EXPORT           __Vectors_End
   76 00000028                 EXPORT           __Vectors_Size
   77 00000028         
   78 00000028 00000000 
                       __Vectors
                               DCD              __initial_sp ; Top of Stack
   79 0000002C 00000000        DCD              Reset_Handler
   80 00000030 00000000        DCD              NMI_Handler
   81 00000034 00000000        DCD              HardFault_Handler
   82 00000038 00000000        DCD              0           ; Reserved
   83 0000003C 00000000        DCD              0           ; Reserved
   84 00000040 00000000        DCD              0           ; Reserved
   85 00000044 00000000        DCD              0           ; Reserved
   86 00000048 00000000        DCD              0           ; Reserved
   87 0000004C 00000000        DCD              0           ; Reserved
   88 00000050 00000000        DCD              0           ; Reserved
   89 00000054 00000000        DCD              SVC_Handler



ARM Macro Assembler    Page 3 


   90 00000058 00000000        DCD              0           ; Reserved
   91 0000005C 00000000        DCD              0           ; Reserved
   92 00000060 00000000        DCD              PendSV_Handler
   93 00000064 00000000        DCD              SysTick_Handler
   94 00000068         
   95 00000068         ; External Interrupts
   96 00000068 00000000        DCD              POWER_CLOCK_IRQHandler
   97 0000006C 00000000        DCD              RADIO_IRQHandler
   98 00000070 00000000        DCD              UART0_IRQHandler
   99 00000074 00000000        DCD              SPI0_TWI0_IRQHandler
  100 00000078 00000000        DCD              SPI1_TWI1_IRQHandler
  101 0000007C 00000000        DCD              0           ; Reserved
  102 00000080 00000000        DCD              GPIOTE_IRQHandler
  103 00000084 00000000        DCD              ADC_IRQHandler
  104 00000088 00000000        DCD              TIMER0_IRQHandler
  105 0000008C 00000000        DCD              TIMER1_IRQHandler
  106 00000090 00000000        DCD              TIMER2_IRQHandler
  107 00000094 00000000        DCD              RTC0_IRQHandler
  108 00000098 00000000        DCD              TEMP_IRQHandler
  109 0000009C 00000000        DCD              RNG_IRQHandler
  110 000000A0 00000000        DCD              ECB_IRQHandler
  111 000000A4 00000000        DCD              CCM_AAR_IRQHandler
  112 000000A8 00000000        DCD              WDT_IRQHandler
  113 000000AC 00000000        DCD              RTC1_IRQHandler
  114 000000B0 00000000        DCD              QDEC_IRQHandler
  115 000000B4 00000000        DCD              LPCOMP_IRQHandler
  116 000000B8 00000000        DCD              SWI0_IRQHandler
  117 000000BC 00000000        DCD              SWI1_IRQHandler
  118 000000C0 00000000        DCD              SWI2_IRQHandler
  119 000000C4 00000000        DCD              SWI3_IRQHandler
  120 000000C8 00000000        DCD              SWI4_IRQHandler
  121 000000CC 00000000        DCD              SWI5_IRQHandler
  122 000000D0 00000000        DCD              0           ; Reserved
  123 000000D4 00000000        DCD              0           ; Reserved
  124 000000D8 00000000        DCD              0           ; Reserved
  125 000000DC 00000000        DCD              0           ; Reserved
  126 000000E0 00000000        DCD              0           ; Reserved
  127 000000E4 00000000        DCD              0           ; Reserved
  128 000000E8         
  129 000000E8         __Vectors_End
  130 000000E8         
  131 000000E8 000000C0 
                       __Vectors_Size
                               EQU              __Vectors_End - __Vectors
  132 000000E8         
  133 000000E8                 AREA             |.text|, CODE, READONLY
  134 00000000         
  135 00000000         ; Reset Handler
  136 00000000         
  137 00000000 40000524 
                       NRF_POWER_RAMON_ADDRESS
                               EQU              0x40000524  ; NRF_POWER->RAMON 
                                                            address
  138 00000000 40000554 
                       NRF_POWER_RAMONB_ADDRESS
                               EQU              0x40000554  ; NRF_POWER->RAMONB
                                                             address
  139 00000000 00000003 
                       NRF_POWER_RAMONx_RAMxON_ONMODE_Msk



ARM Macro Assembler    Page 4 


                               EQU              0x3         ; All RAM blocks on
                                                             in onmode bit mask
                                                            
  140 00000000         
  141 00000000         Reset_Handler
                               PROC
  142 00000000                 EXPORT           Reset_Handler             [WEAK
]
  143 00000000                 IMPORT           SystemInit
  144 00000000                 IMPORT           __main
  145 00000000         
  146 00000000 2103            MOVS             R1, #NRF_POWER_RAMONx_RAMxON_ON
MODE_Msk
  147 00000002         
  148 00000002 4807            LDR              R0, =NRF_POWER_RAMON_ADDRESS
  149 00000004 6802            LDR              R2, [R0]
  150 00000006 430A            ORRS             R2, R2, R1
  151 00000008 6002            STR              R2, [R0]
  152 0000000A         
  153 0000000A 4806            LDR              R0, =NRF_POWER_RAMONB_ADDRESS
  154 0000000C 6802            LDR              R2, [R0]
  155 0000000E 430A            ORRS             R2, R2, R1
  156 00000010 6002            STR              R2, [R0]
  157 00000012         
  158 00000012 B662            CPSIE            I
  159 00000014 4804            LDR              R0, =SystemInit
  160 00000016 4780            BLX              R0
  161 00000018 4804            LDR              R0, =__main
  162 0000001A 4700            BX               R0
  163 0000001C                 ENDP
  164 0000001C         
  165 0000001C         ; Dummy Exception Handlers (infinite loops which can be 
                       modified)
  166 0000001C         
  167 0000001C         
  168 0000001C         Default_Handler
                               PROC
  169 0000001C         
  170 0000001C                 EXPORT           NMI_Handler [WEAK]
  171 0000001C                 EXPORT           HardFault_Handler [WEAK]
  172 0000001C                 EXPORT           SVC_Handler [WEAK]
  173 0000001C                 EXPORT           PendSV_Handler [WEAK]
  174 0000001C                 EXPORT           SysTick_Handler [WEAK]
  175 0000001C                 EXPORT           POWER_CLOCK_IRQHandler [WEAK]
  176 0000001C                 EXPORT           RADIO_IRQHandler [WEAK]
  177 0000001C                 EXPORT           UART0_IRQHandler [WEAK]
  178 0000001C                 EXPORT           SPI0_TWI0_IRQHandler [WEAK]
  179 0000001C                 EXPORT           SPI1_TWI1_IRQHandler [WEAK]
  180 0000001C                 EXPORT           GPIOTE_IRQHandler [WEAK]
  181 0000001C                 EXPORT           ADC_IRQHandler [WEAK]
  182 0000001C                 EXPORT           TIMER0_IRQHandler [WEAK]
  183 0000001C                 EXPORT           TIMER1_IRQHandler [WEAK]
  184 0000001C                 EXPORT           TIMER2_IRQHandler [WEAK]
  185 0000001C                 EXPORT           RTC0_IRQHandler [WEAK]
  186 0000001C                 EXPORT           TEMP_IRQHandler [WEAK]
  187 0000001C                 EXPORT           RNG_IRQHandler [WEAK]
  188 0000001C                 EXPORT           ECB_IRQHandler [WEAK]
  189 0000001C                 EXPORT           CCM_AAR_IRQHandler [WEAK]
  190 0000001C                 EXPORT           WDT_IRQHandler [WEAK]



ARM Macro Assembler    Page 5 


  191 0000001C                 EXPORT           RTC1_IRQHandler [WEAK]
  192 0000001C                 EXPORT           QDEC_IRQHandler [WEAK]
  193 0000001C                 EXPORT           LPCOMP_IRQHandler [WEAK]
  194 0000001C                 EXPORT           SWI0_IRQHandler [WEAK]
  195 0000001C                 EXPORT           SWI1_IRQHandler [WEAK]
  196 0000001C                 EXPORT           SWI2_IRQHandler [WEAK]
  197 0000001C                 EXPORT           SWI3_IRQHandler [WEAK]
  198 0000001C                 EXPORT           SWI4_IRQHandler [WEAK]
  199 0000001C                 EXPORT           SWI5_IRQHandler [WEAK]
  200 0000001C         NMI_Handler
  201 0000001C         HardFault_Handler
  202 0000001C         SVC_Handler
  203 0000001C         PendSV_Handler
  204 0000001C         SysTick_Handler
  205 0000001C         POWER_CLOCK_IRQHandler
  206 0000001C         RADIO_IRQHandler
  207 0000001C         UART0_IRQHandler
  208 0000001C         SPI0_TWI0_IRQHandler
  209 0000001C         SPI1_TWI1_IRQHandler
  210 0000001C         GPIOTE_IRQHandler
  211 0000001C         ADC_IRQHandler
  212 0000001C         TIMER0_IRQHandler
  213 0000001C         TIMER1_IRQHandler
  214 0000001C         TIMER2_IRQHandler
  215 0000001C         RTC0_IRQHandler
  216 0000001C         TEMP_IRQHandler
  217 0000001C         RNG_IRQHandler
  218 0000001C         ECB_IRQHandler
  219 0000001C         CCM_AAR_IRQHandler
  220 0000001C         WDT_IRQHandler
  221 0000001C         RTC1_IRQHandler
  222 0000001C         QDEC_IRQHandler
  223 0000001C         LPCOMP_IRQHandler
  224 0000001C         SWI0_IRQHandler
  225 0000001C         SWI1_IRQHandler
  226 0000001C         SWI2_IRQHandler
  227 0000001C         SWI3_IRQHandler
  228 0000001C         SWI4_IRQHandler
  229 0000001C         SWI5_IRQHandler
  230 0000001C E7FE            B                .
  231 0000001E                 ENDP
  232 0000001E 00 00           ALIGN
  233 00000020         
  234 00000020         ; User Initial Stack & Heap
  235 00000020         
  236 00000020                 IF               :DEF:__MICROLIB
  237 00000020         
  238 00000020                 EXPORT           __initial_sp
  239 00000020                 EXPORT           __heap_base
  240 00000020                 EXPORT           __heap_limit
  241 00000020         
  242 00000020                 ELSE
  256                          ENDIF
  257 00000020         
  258 00000020                 END
              40000524 
              40000554 
              00000000 
              00000000 



ARM Macro Assembler    Page 6 


Command Line: --debug --xref --diag_suppress=9931 --cpu=Cortex-M0 --apcs=interw
ork --depend=.\build\startup_nrf51.d -o.\build\startup_nrf51.o -IC:\Users\aster
ick\Documents\GitHub\products-cozmo\robot\syscon\RTE -IC:\Keil_v5\ARM\PACK\ARM\
CMSIS\4.3.0\CMSIS\Include -IC:\Keil_v5\ARM\PACK\NordicSemiconductor\nRF_DeviceF
amilyPack\8.0.3\Device\Include --predefine="__MICROLIB SETA 1" --predefine="__U
VISION_VERSION SETA 515" --predefine="_RTE_ SETA 1" --predefine="NRF51 SETA 1" 
--list=.\startup_nrf51.lst startup\startup_nrf51.s



ARM Macro Assembler    Page 1 Alphabetic symbol ordering
Relocatable symbols

STACK 00000000

Symbol: STACK
   Definitions
      At line 40 in file startup\startup_nrf51.s
   Uses
      None
Comment: STACK unused
Stack_Mem 00000000

Symbol: Stack_Mem
   Definitions
      At line 41 in file startup\startup_nrf51.s
   Uses
      None
Comment: Stack_Mem unused
__initial_sp 00000800

Symbol: __initial_sp
   Definitions
      At line 42 in file startup\startup_nrf51.s
   Uses
      At line 78 in file startup\startup_nrf51.s
      At line 238 in file startup\startup_nrf51.s

3 symbols



ARM Macro Assembler    Page 1 Alphabetic symbol ordering
Relocatable symbols

HEAP 00000000

Symbol: HEAP
   Definitions
      At line 50 in file startup\startup_nrf51.s
   Uses
      None
Comment: HEAP unused
Heap_Mem 00000000

Symbol: Heap_Mem
   Definitions
      At line 52 in file startup\startup_nrf51.s
   Uses
      None
Comment: Heap_Mem unused
__heap_base 00000000

Symbol: __heap_base
   Definitions
      At line 51 in file startup\startup_nrf51.s
   Uses
      At line 239 in file startup\startup_nrf51.s
Comment: __heap_base used once
__heap_limit 00000800

Symbol: __heap_limit
   Definitions
      At line 53 in file startup\startup_nrf51.s
   Uses
      At line 240 in file startup\startup_nrf51.s
Comment: __heap_limit used once
4 symbols



ARM Macro Assembler    Page 1 Alphabetic symbol ordering
Relocatable symbols

HEADER 00000000

Symbol: HEADER
   Definitions
      At line 60 in file startup\startup_nrf51.s
   Uses
      None
Comment: HEADER unused
__Signature 00000000

Symbol: __Signature
   Definitions
      At line 61 in file startup\startup_nrf51.s
   Uses
      None
Comment: __Signature unused
__Vectors 00000028

Symbol: __Vectors
   Definitions
      At line 78 in file startup\startup_nrf51.s
   Uses
      At line 63 in file startup\startup_nrf51.s
      At line 74 in file startup\startup_nrf51.s
      At line 131 in file startup\startup_nrf51.s

__Vectors_End 000000E8

Symbol: __Vectors_End
   Definitions
      At line 129 in file startup\startup_nrf51.s
   Uses
      At line 75 in file startup\startup_nrf51.s
      At line 131 in file startup\startup_nrf51.s

4 symbols



ARM Macro Assembler    Page 1 Alphabetic symbol ordering
Relocatable symbols

.text 00000000

Symbol: .text
   Definitions
      At line 133 in file startup\startup_nrf51.s
   Uses
      None
Comment: .text unused
ADC_IRQHandler 0000001C

Symbol: ADC_IRQHandler
   Definitions
      At line 211 in file startup\startup_nrf51.s
   Uses
      At line 103 in file startup\startup_nrf51.s
      At line 181 in file startup\startup_nrf51.s

CCM_AAR_IRQHandler 0000001C

Symbol: CCM_AAR_IRQHandler
   Definitions
      At line 219 in file startup\startup_nrf51.s
   Uses
      At line 111 in file startup\startup_nrf51.s
      At line 189 in file startup\startup_nrf51.s

Default_Handler 0000001C

Symbol: Default_Handler
   Definitions
      At line 168 in file startup\startup_nrf51.s
   Uses
      None
Comment: Default_Handler unused
ECB_IRQHandler 0000001C

Symbol: ECB_IRQHandler
   Definitions
      At line 218 in file startup\startup_nrf51.s
   Uses
      At line 110 in file startup\startup_nrf51.s
      At line 188 in file startup\startup_nrf51.s

GPIOTE_IRQHandler 0000001C

Symbol: GPIOTE_IRQHandler
   Definitions
      At line 210 in file startup\startup_nrf51.s
   Uses
      At line 102 in file startup\startup_nrf51.s
      At line 180 in file startup\startup_nrf51.s

HardFault_Handler 0000001C

Symbol: HardFault_Handler
   Definitions
      At line 201 in file startup\startup_nrf51.s
   Uses
      At line 81 in file startup\startup_nrf51.s



ARM Macro Assembler    Page 2 Alphabetic symbol ordering
Relocatable symbols

      At line 171 in file startup\startup_nrf51.s

LPCOMP_IRQHandler 0000001C

Symbol: LPCOMP_IRQHandler
   Definitions
      At line 223 in file startup\startup_nrf51.s
   Uses
      At line 115 in file startup\startup_nrf51.s
      At line 193 in file startup\startup_nrf51.s

NMI_Handler 0000001C

Symbol: NMI_Handler
   Definitions
      At line 200 in file startup\startup_nrf51.s
   Uses
      At line 80 in file startup\startup_nrf51.s
      At line 170 in file startup\startup_nrf51.s

POWER_CLOCK_IRQHandler 0000001C

Symbol: POWER_CLOCK_IRQHandler
   Definitions
      At line 205 in file startup\startup_nrf51.s
   Uses
      At line 96 in file startup\startup_nrf51.s
      At line 175 in file startup\startup_nrf51.s

PendSV_Handler 0000001C

Symbol: PendSV_Handler
   Definitions
      At line 203 in file startup\startup_nrf51.s
   Uses
      At line 92 in file startup\startup_nrf51.s
      At line 173 in file startup\startup_nrf51.s

QDEC_IRQHandler 0000001C

Symbol: QDEC_IRQHandler
   Definitions
      At line 222 in file startup\startup_nrf51.s
   Uses
      At line 114 in file startup\startup_nrf51.s
      At line 192 in file startup\startup_nrf51.s

RADIO_IRQHandler 0000001C

Symbol: RADIO_IRQHandler
   Definitions
      At line 206 in file startup\startup_nrf51.s
   Uses
      At line 97 in file startup\startup_nrf51.s
      At line 176 in file startup\startup_nrf51.s

RNG_IRQHandler 0000001C

Symbol: RNG_IRQHandler



ARM Macro Assembler    Page 3 Alphabetic symbol ordering
Relocatable symbols

   Definitions
      At line 217 in file startup\startup_nrf51.s
   Uses
      At line 109 in file startup\startup_nrf51.s
      At line 187 in file startup\startup_nrf51.s

RTC0_IRQHandler 0000001C

Symbol: RTC0_IRQHandler
   Definitions
      At line 215 in file startup\startup_nrf51.s
   Uses
      At line 107 in file startup\startup_nrf51.s
      At line 185 in file startup\startup_nrf51.s

RTC1_IRQHandler 0000001C

Symbol: RTC1_IRQHandler
   Definitions
      At line 221 in file startup\startup_nrf51.s
   Uses
      At line 113 in file startup\startup_nrf51.s
      At line 191 in file startup\startup_nrf51.s

Reset_Handler 00000000

Symbol: Reset_Handler
   Definitions
      At line 141 in file startup\startup_nrf51.s
   Uses
      At line 62 in file startup\startup_nrf51.s
      At line 79 in file startup\startup_nrf51.s
      At line 142 in file startup\startup_nrf51.s

SPI0_TWI0_IRQHandler 0000001C

Symbol: SPI0_TWI0_IRQHandler
   Definitions
      At line 208 in file startup\startup_nrf51.s
   Uses
      At line 99 in file startup\startup_nrf51.s
      At line 178 in file startup\startup_nrf51.s

SPI1_TWI1_IRQHandler 0000001C

Symbol: SPI1_TWI1_IRQHandler
   Definitions
      At line 209 in file startup\startup_nrf51.s
   Uses
      At line 100 in file startup\startup_nrf51.s
      At line 179 in file startup\startup_nrf51.s

SVC_Handler 0000001C

Symbol: SVC_Handler
   Definitions
      At line 202 in file startup\startup_nrf51.s
   Uses
      At line 89 in file startup\startup_nrf51.s



ARM Macro Assembler    Page 4 Alphabetic symbol ordering
Relocatable symbols

      At line 172 in file startup\startup_nrf51.s

SWI0_IRQHandler 0000001C

Symbol: SWI0_IRQHandler
   Definitions
      At line 224 in file startup\startup_nrf51.s
   Uses
      At line 116 in file startup\startup_nrf51.s
      At line 194 in file startup\startup_nrf51.s

SWI1_IRQHandler 0000001C

Symbol: SWI1_IRQHandler
   Definitions
      At line 225 in file startup\startup_nrf51.s
   Uses
      At line 117 in file startup\startup_nrf51.s
      At line 195 in file startup\startup_nrf51.s

SWI2_IRQHandler 0000001C

Symbol: SWI2_IRQHandler
   Definitions
      At line 226 in file startup\startup_nrf51.s
   Uses
      At line 118 in file startup\startup_nrf51.s
      At line 196 in file startup\startup_nrf51.s

SWI3_IRQHandler 0000001C

Symbol: SWI3_IRQHandler
   Definitions
      At line 227 in file startup\startup_nrf51.s
   Uses
      At line 119 in file startup\startup_nrf51.s
      At line 197 in file startup\startup_nrf51.s

SWI4_IRQHandler 0000001C

Symbol: SWI4_IRQHandler
   Definitions
      At line 228 in file startup\startup_nrf51.s
   Uses
      At line 120 in file startup\startup_nrf51.s
      At line 198 in file startup\startup_nrf51.s

SWI5_IRQHandler 0000001C

Symbol: SWI5_IRQHandler
   Definitions
      At line 229 in file startup\startup_nrf51.s
   Uses
      At line 121 in file startup\startup_nrf51.s
      At line 199 in file startup\startup_nrf51.s

SysTick_Handler 0000001C

Symbol: SysTick_Handler



ARM Macro Assembler    Page 5 Alphabetic symbol ordering
Relocatable symbols

   Definitions
      At line 204 in file startup\startup_nrf51.s
   Uses
      At line 93 in file startup\startup_nrf51.s
      At line 174 in file startup\startup_nrf51.s

TEMP_IRQHandler 0000001C

Symbol: TEMP_IRQHandler
   Definitions
      At line 216 in file startup\startup_nrf51.s
   Uses
      At line 108 in file startup\startup_nrf51.s
      At line 186 in file startup\startup_nrf51.s

TIMER0_IRQHandler 0000001C

Symbol: TIMER0_IRQHandler
   Definitions
      At line 212 in file startup\startup_nrf51.s
   Uses
      At line 104 in file startup\startup_nrf51.s
      At line 182 in file startup\startup_nrf51.s

TIMER1_IRQHandler 0000001C

Symbol: TIMER1_IRQHandler
   Definitions
      At line 213 in file startup\startup_nrf51.s
   Uses
      At line 105 in file startup\startup_nrf51.s
      At line 183 in file startup\startup_nrf51.s

TIMER2_IRQHandler 0000001C

Symbol: TIMER2_IRQHandler
   Definitions
      At line 214 in file startup\startup_nrf51.s
   Uses
      At line 106 in file startup\startup_nrf51.s
      At line 184 in file startup\startup_nrf51.s

UART0_IRQHandler 0000001C

Symbol: UART0_IRQHandler
   Definitions
      At line 207 in file startup\startup_nrf51.s
   Uses
      At line 98 in file startup\startup_nrf51.s
      At line 177 in file startup\startup_nrf51.s

WDT_IRQHandler 0000001C

Symbol: WDT_IRQHandler
   Definitions
      At line 220 in file startup\startup_nrf51.s
   Uses
      At line 112 in file startup\startup_nrf51.s
      At line 190 in file startup\startup_nrf51.s



ARM Macro Assembler    Page 6 Alphabetic symbol ordering
Relocatable symbols


33 symbols



ARM Macro Assembler    Page 1 Alphabetic symbol ordering
Absolute symbols

Heap_Size 00000800

Symbol: Heap_Size
   Definitions
      At line 47 in file startup\startup_nrf51.s
   Uses
      At line 52 in file startup\startup_nrf51.s
Comment: Heap_Size used once
NRF_POWER_RAMONB_ADDRESS 40000554

Symbol: NRF_POWER_RAMONB_ADDRESS
   Definitions
      At line 138 in file startup\startup_nrf51.s
   Uses
      At line 153 in file startup\startup_nrf51.s
Comment: NRF_POWER_RAMONB_ADDRESS used once
NRF_POWER_RAMON_ADDRESS 40000524

Symbol: NRF_POWER_RAMON_ADDRESS
   Definitions
      At line 137 in file startup\startup_nrf51.s
   Uses
      At line 148 in file startup\startup_nrf51.s
Comment: NRF_POWER_RAMON_ADDRESS used once
NRF_POWER_RAMONx_RAMxON_ONMODE_Msk 00000003

Symbol: NRF_POWER_RAMONx_RAMxON_ONMODE_Msk
   Definitions
      At line 139 in file startup\startup_nrf51.s
   Uses
      At line 146 in file startup\startup_nrf51.s
Comment: NRF_POWER_RAMONx_RAMxON_ONMODE_Msk used once
Stack_Size 00000800

Symbol: Stack_Size
   Definitions
      At line 37 in file startup\startup_nrf51.s
   Uses
      At line 41 in file startup\startup_nrf51.s
Comment: Stack_Size used once
__Vectors_Size 000000C0

Symbol: __Vectors_Size
   Definitions
      At line 131 in file startup\startup_nrf51.s
   Uses
      At line 76 in file startup\startup_nrf51.s
Comment: __Vectors_Size used once
6 symbols



ARM Macro Assembler    Page 1 Alphabetic symbol ordering
External symbols

SystemInit 00000000

Symbol: SystemInit
   Definitions
      At line 143 in file startup\startup_nrf51.s
   Uses
      At line 159 in file startup\startup_nrf51.s
Comment: SystemInit used once
__main 00000000

Symbol: __main
   Definitions
      At line 144 in file startup\startup_nrf51.s
   Uses
      At line 161 in file startup\startup_nrf51.s
Comment: __main used once
2 symbols
392 symbols in table
