0.867898:click:help_button:0.1381912
2.84805:text:NEXT
0.944433:text:BACK
0.04811:text:1 of 9
0.543587:text:Help & Tips
0.804224:text:Create a great play space.
0.02875:text:Cozmo likes a clean, open table in a well lit room. He sees best indoors and out of direct sunlight.
0.514873:click:next_button:0.1380463
0.804331:text:2 of 9
0.45959:text:Cozmo's Cubes
0.305829:text:Cozmo likes to be around his Cubes. They work best when he can see the symbol clearly, and they're right side up. Check out <b><color=#d3d3d3>SETTINGS</color></b> for Cube maintenance.
0.378986:click:next_button:0.1203766
1.583325:text:3 of 9
0.031785:text:When you're not playing a game,\u000athe Cube lights can tell you that:
0.93681:text:Cozmo wants to\u000ause this Cube..
0.63921:text:Cozmo has seen\u000athis Cube..
0.550708:click:next_button:0.1572113
1.369576:text:4 of 9
0.726821:text:<color=#FFFFFF>3 Tokens unlock a </color><b><color=#F5BF2D>Bonus Box.</color></b>
0.019584:text:<color=#FFFFFF>Earn </color><b><color=#F5BF2D>Play Tokens</color></b><color=#FFFFFF> each day.</color>
0.827887:text:Each day you fill Cozmo's Play Need, you earn a Play Token. Play Tokens unlock Bonus Boxes, filled with rewards like Sparks, Games, and Tricks.
0.143258:text:Cozmo gets better over time.
0.069129:click:next_button:0.1307373
0.315209:text:5 of 9
0.470091:text:Launch the Cozmo App to check in each day to keep Cozmo happy. When you fill his Play Need daily, you help him learn and grow by earning Bonus Boxes. Connect to Cozmo to wake him up and give him the attention he needs.
0.260186:text:Check in on Cozmo.
0.752011:click:next_button:0.08306885
0.628084:text:6 of 9
0.990208:text:Cozmo needs you to keep him safe, just like a small pet. Keep an eye on him in case he gets into trouble; he may need your help to get unstuck.
0.02754:text:Keep Cozmo safe.
0.052135:click:next_button:0.1242676
0.843828:text:7 of 9
0.421614:text:Cozmo's backpack lights can tell you that:
0.781291:text:Cozmo is\u000acharging.
0.083601:text:Cozmo is\u000acharged.
0.323769:text:Cozmo has a\u000alow battery.
0.499652:click:next_button:0.09915161
0.96032:text:8 of 9
0.745706:text:Cozmo and his camera are safe and secure. No images or video are ever stored, online or offline. Cozmo will only talk to devices you authorize.
0.458792:text:Cozmo is secure.
0.704815:click:next_button:0.1269836
0.69929:text:9 of 9
0.850146:text:Cozmo needs his charger, so keep it with you. When you're done playing, place him on his charger to put him to sleep.
0.228565:text:Keep Cozmo charged.
0.667872:click:default_close_view_button:0.1272888
